  dllmain.cpp
C:\Users\Andre\source\repos\duckspin\duckspin\incl\nml\cocos2dx\platform\CCPlatformConfig.h(27,1): warning C4005: 'WIN32': macro redefinition
C:\Users\Andre\source\repos\duckspin\duckspin\pch.cpp : message : see previous definition of 'WIN32'
C:\Users\Andre\source\repos\duckspin\duckspin\incl\nml\cocos2dx\platform\CCPlatformConfig.h(28,1): warning C4005: '_WINDOWS': macro redefinition
C:\Users\Andre\source\repos\duckspin\duckspin\pch.cpp : message : see previous definition of '_WINDOWS'
C:\Users\Andre\source\repos\duckspin\duckspin\incl\nml\cocos2dx\cocoa\CCDataVisitor.h(106,27): warning C4251: 'cocos2d::CCPrettyPrinter::_indentStr': class 'std::basic_string<char,std::char_traits<char>,std::allocator<char>>' needs to have dll-interface to be used by clients of class 'cocos2d::CCPrettyPrinter'
C:\Program Files (x86)\Microsoft Visual Studio\2019\Community\VC\Tools\MSVC\14.27.29110\include\xstring(4564): message : see declaration of 'std::basic_string<char,std::char_traits<char>,std::allocator<char>>'
C:\Users\Andre\source\repos\duckspin\duckspin\incl\nml\cocos2dx\cocoa\CCDataVisitor.h(107,24): warning C4251: 'cocos2d::CCPrettyPrinter::_result': class 'std::basic_string<char,std::char_traits<char>,std::allocator<char>>' needs to have dll-interface to be used by clients of class 'cocos2d::CCPrettyPrinter'
C:\Program Files (x86)\Microsoft Visual Studio\2019\Community\VC\Tools\MSVC\14.27.29110\include\xstring(4564): message : see declaration of 'std::basic_string<char,std::char_traits<char>,std::allocator<char>>'
C:\Users\Andre\source\repos\duckspin\duckspin\incl\nml\cocos2dx\sprite_nodes\CCSpriteFrame.h(159,38): warning C4251: 'cocos2d::CCSpriteFrame::m_strTextureFilename': class 'std::basic_string<char,std::char_traits<char>,std::allocator<char>>' needs to have dll-interface to be used by clients of class 'cocos2d::CCSpriteFrame'
C:\Program Files (x86)\Microsoft Visual Studio\2019\Community\VC\Tools\MSVC\14.27.29110\include\xstring(4564): message : see declaration of 'std::basic_string<char,std::char_traits<char>,std::allocator<char>>'
C:\Users\Andre\source\repos\duckspin\duckspin\incl\nml\cocos2dx\cocoa\CCString.h(145,26): warning C4251: 'cocos2d::CCString::m_sString': class 'std::basic_string<char,std::char_traits<char>,std::allocator<char>>' needs to have dll-interface to be used by clients of class 'cocos2d::CCString'
C:\Program Files (x86)\Microsoft Visual Studio\2019\Community\VC\Tools\MSVC\14.27.29110\include\xstring(4564): message : see declaration of 'std::basic_string<char,std::char_traits<char>,std::allocator<char>>'
C:\Users\Andre\source\repos\duckspin\duckspin\incl\nml\cocos2dx\actions\CCActionTween.h(78,32): warning C4251: 'cocos2d::CCActionTween::m_strKey': class 'std::basic_string<char,std::char_traits<char>,std::allocator<char>>' needs to have dll-interface to be used by clients of class 'cocos2d::CCActionTween'
C:\Program Files (x86)\Microsoft Visual Studio\2019\Community\VC\Tools\MSVC\14.27.29110\include\xstring(4564): message : see declaration of 'std::basic_string<char,std::char_traits<char>,std::allocator<char>>'
C:\Users\Andre\source\repos\duckspin\duckspin\incl\nml\cocos2dx\CCConfiguration.h(142,35): warning C4251: 'cocos2d::CCConfiguration::s_sConfigfile': class 'std::basic_string<char,std::char_traits<char>,std::allocator<char>>' needs to have dll-interface to be used by clients of class 'cocos2d::CCConfiguration'
C:\Program Files (x86)\Microsoft Visual Studio\2019\Community\VC\Tools\MSVC\14.27.29110\include\xstring(4564): message : see declaration of 'std::basic_string<char,std::char_traits<char>,std::allocator<char>>'
C:\Users\Andre\source\repos\duckspin\duckspin\incl\nml\cocos2dx\label_nodes\CCLabelAtlas.h(101,26): warning C4251: 'cocos2d::CCLabelAtlas::m_sString': class 'std::basic_string<char,std::char_traits<char>,std::allocator<char>>' needs to have dll-interface to be used by clients of class 'cocos2d::CCLabelAtlas'
C:\Program Files (x86)\Microsoft Visual Studio\2019\Community\VC\Tools\MSVC\14.27.29110\include\xstring(4564): message : see declaration of 'std::basic_string<char,std::char_traits<char>,std::allocator<char>>'
C:\Users\Andre\source\repos\duckspin\duckspin\incl\nml\cocos2dx\label_nodes\CCLabelTTF.h(184,25): warning C4251: 'cocos2d::CCLabelTTF::m_string': class 'std::basic_string<char,std::char_traits<char>,std::allocator<char>>' needs to have dll-interface to be used by clients of class 'cocos2d::CCLabelTTF'
C:\Program Files (x86)\Microsoft Visual Studio\2019\Community\VC\Tools\MSVC\14.27.29110\include\xstring(4564): message : see declaration of 'std::basic_string<char,std::char_traits<char>,std::allocator<char>>'
C:\Users\Andre\source\repos\duckspin\duckspin\incl\nml\cocos2dx\label_nodes\CCLabelBMFont.h(122,29): warning C4251: 'cocos2d::CCBMFontConfiguration::m_sAtlasName': class 'std::basic_string<char,std::char_traits<char>,std::allocator<char>>' needs to have dll-interface to be used by clients of class 'cocos2d::CCBMFontConfiguration'
C:\Program Files (x86)\Microsoft Visual Studio\2019\Community\VC\Tools\MSVC\14.27.29110\include\xstring(4564): message : see declaration of 'std::basic_string<char,std::char_traits<char>,std::allocator<char>>'
C:\Users\Andre\source\repos\duckspin\duckspin\incl\nml\cocos2dx\label_nodes\CCLabelBMFont.h(277,27): warning C4251: 'cocos2d::CCLabelBMFont::m_sFntFile': class 'std::basic_string<char,std::char_traits<char>,std::allocator<char>>' needs to have dll-interface to be used by clients of class 'cocos2d::CCLabelBMFont'
C:\Program Files (x86)\Microsoft Visual Studio\2019\Community\VC\Tools\MSVC\14.27.29110\include\xstring(4564): message : see declaration of 'std::basic_string<char,std::char_traits<char>,std::allocator<char>>'
C:\Users\Andre\source\repos\duckspin\duckspin\incl\nml\cocos2dx\label_nodes\CCLabelBMFont.h(281,37): warning C4251: 'cocos2d::CCLabelBMFont::m_sInitialStringUTF8': class 'std::basic_string<char,std::char_traits<char>,std::allocator<char>>' needs to have dll-interface to be used by clients of class 'cocos2d::CCLabelBMFont'
C:\Program Files (x86)\Microsoft Visual Studio\2019\Community\VC\Tools\MSVC\14.27.29110\include\xstring(4564): message : see declaration of 'std::basic_string<char,std::char_traits<char>,std::allocator<char>>'
C:\Users\Andre\source\repos\duckspin\duckspin\incl\nml\cocos2dx\menu_nodes\CCMenuItem.h(259,30): warning C4251: 'cocos2d::CCMenuItemFont::m_strFontName': class 'std::basic_string<char,std::char_traits<char>,std::allocator<char>>' needs to have dll-interface to be used by clients of class 'cocos2d::CCMenuItemFont'
C:\Program Files (x86)\Microsoft Visual Studio\2019\Community\VC\Tools\MSVC\14.27.29110\include\xstring(4564): message : see declaration of 'std::basic_string<char,std::char_traits<char>,std::allocator<char>>'
C:\Users\Andre\source\repos\duckspin\duckspin\incl\nml\cocos2dx\particle_nodes\CCParticleSystem.h(178,29): warning C4251: 'cocos2d::CCParticleSystem::m_sPlistFile': class 'std::basic_string<char,std::char_traits<char>,std::allocator<char>>' needs to have dll-interface to be used by clients of class 'cocos2d::CCParticleSystem'
C:\Program Files (x86)\Microsoft Visual Studio\2019\Community\VC\Tools\MSVC\14.27.29110\include\xstring(4564): message : see declaration of 'std::basic_string<char,std::char_traits<char>,std::allocator<char>>'
C:\Users\Andre\source\repos\duckspin\duckspin\incl\nml\cocos2dx\platform\CCFileUtils.h(411,59): warning C4251: 'cocos2d::CCFileUtils::m_searchResolutionsOrderArray': class 'std::vector<std::string,std::allocator<std::string>>' needs to have dll-interface to be used by clients of class 'cocos2d::CCFileUtils'
C:\Users\Andre\source\repos\duckspin\duckspin\incl\nml\cocos2dx\platform\CCFileUtils.h(224): message : see declaration of 'std::vector<std::string,std::allocator<std::string>>'
C:\Users\Andre\source\repos\duckspin\duckspin\incl\nml\cocos2dx\platform\CCFileUtils.h(417,47): warning C4251: 'cocos2d::CCFileUtils::m_searchPathArray': class 'std::vector<std::string,std::allocator<std::string>>' needs to have dll-interface to be used by clients of class 'cocos2d::CCFileUtils'
C:\Users\Andre\source\repos\duckspin\duckspin\incl\nml\cocos2dx\platform\CCFileUtils.h(224): message : see declaration of 'std::vector<std::string,std::allocator<std::string>>'
C:\Users\Andre\source\repos\duckspin\duckspin\incl\nml\cocos2dx\platform\CCFileUtils.h(426,40): warning C4251: 'cocos2d::CCFileUtils::m_strDefaultResRootPath': class 'std::basic_string<char,std::char_traits<char>,std::allocator<char>>' needs to have dll-interface to be used by clients of class 'cocos2d::CCFileUtils'
C:\Program Files (x86)\Microsoft Visual Studio\2019\Community\VC\Tools\MSVC\14.27.29110\include\xstring(4564): message : see declaration of 'std::basic_string<char,std::char_traits<char>,std::allocator<char>>'
C:\Users\Andre\source\repos\duckspin\duckspin\incl\nml\cocos2dx\platform\CCFileUtils.h(432,55): warning C4251: 'cocos2d::CCFileUtils::m_fullPathCache': class 'std::map<std::string,std::string,std::less<std::string>,std::allocator<std::pair<const std::string,std::string>>>' needs to have dll-interface to be used by clients of class 'cocos2d::CCFileUtils'
C:\Users\Andre\source\repos\duckspin\duckspin\incl\nml\cocos2dx\platform\CCFileUtils.h(432): message : see declaration of 'std::map<std::string,std::string,std::less<std::string>,std::allocator<std::pair<const std::string,std::string>>>'
C:\Users\Andre\source\repos\duckspin\duckspin\incl\nml\cocos2dx\platform\win32\CCApplication.h(66,43): warning C4251: 'cocos2d::CCApplication::m_resourceRootPath': class 'std::basic_string<char,std::char_traits<char>,std::allocator<char>>' needs to have dll-interface to be used by clients of class 'cocos2d::CCApplication'
C:\Program Files (x86)\Microsoft Visual Studio\2019\Community\VC\Tools\MSVC\14.27.29110\include\xstring(4564): message : see declaration of 'std::basic_string<char,std::char_traits<char>,std::allocator<char>>'
C:\Users\Andre\source\repos\duckspin\duckspin\incl\nml\cocos2dx\platform\win32\CCApplication.h(67,48): warning C4251: 'cocos2d::CCApplication::m_startupScriptFilename': class 'std::basic_string<char,std::char_traits<char>,std::allocator<char>>' needs to have dll-interface to be used by clients of class 'cocos2d::CCApplication'
C:\Program Files (x86)\Microsoft Visual Studio\2019\Community\VC\Tools\MSVC\14.27.29110\include\xstring(4564): message : see declaration of 'std::basic_string<char,std::char_traits<char>,std::allocator<char>>'
C:\Users\Andre\source\repos\duckspin\duckspin\incl\nml\cocos2dx\support\user_default\CCUserDefault.h(121,35): warning C4251: 'cocos2d::CCUserDefault::m_sFilePath': class 'std::basic_string<char,std::char_traits<char>,std::allocator<char>>' needs to have dll-interface to be used by clients of class 'cocos2d::CCUserDefault'
C:\Program Files (x86)\Microsoft Visual Studio\2019\Community\VC\Tools\MSVC\14.27.29110\include\xstring(4564): message : see declaration of 'std::basic_string<char,std::char_traits<char>,std::allocator<char>>'
C:\Users\Andre\source\repos\duckspin\duckspin\incl\nml\cocos2dx\tilemap_parallax_nodes\CCTMXObjectGroup.h(76,29): warning C4251: 'cocos2d::CCTMXObjectGroup::m_sGroupName': class 'std::basic_string<char,std::char_traits<char>,std::allocator<char>>' needs to have dll-interface to be used by clients of class 'cocos2d::CCTMXObjectGroup'
C:\Program Files (x86)\Microsoft Visual Studio\2019\Community\VC\Tools\MSVC\14.27.29110\include\xstring(4564): message : see declaration of 'std::basic_string<char,std::char_traits<char>,std::allocator<char>>'
C:\Users\Andre\source\repos\duckspin\duckspin\incl\nml\cocos2dx\tilemap_parallax_nodes\CCTMXXMLParser.h(93,32): warning C4251: 'cocos2d::CCTMXLayerInfo::m_sName': class 'std::basic_string<char,std::char_traits<char>,std::allocator<char>>' needs to have dll-interface to be used by clients of class 'cocos2d::CCTMXLayerInfo'
C:\Program Files (x86)\Microsoft Visual Studio\2019\Community\VC\Tools\MSVC\14.27.29110\include\xstring(4564): message : see declaration of 'std::basic_string<char,std::char_traits<char>,std::allocator<char>>'
C:\Users\Andre\source\repos\duckspin\duckspin\incl\nml\cocos2dx\tilemap_parallax_nodes\CCTMXXMLParser.h(120,28): warning C4251: 'cocos2d::CCTMXTilesetInfo::m_sName': class 'std::basic_string<char,std::char_traits<char>,std::allocator<char>>' needs to have dll-interface to be used by clients of class 'cocos2d::CCTMXTilesetInfo'
C:\Program Files (x86)\Microsoft Visual Studio\2019\Community\VC\Tools\MSVC\14.27.29110\include\xstring(4564): message : see declaration of 'std::basic_string<char,std::char_traits<char>,std::allocator<char>>'
C:\Users\Andre\source\repos\duckspin\duckspin\incl\nml\cocos2dx\tilemap_parallax_nodes\CCTMXXMLParser.h(126,35): warning C4251: 'cocos2d::CCTMXTilesetInfo::m_sSourceImage': class 'std::basic_string<char,std::char_traits<char>,std::allocator<char>>' needs to have dll-interface to be used by clients of class 'cocos2d::CCTMXTilesetInfo'
C:\Program Files (x86)\Microsoft Visual Studio\2019\Community\VC\Tools\MSVC\14.27.29110\include\xstring(4564): message : see declaration of 'std::basic_string<char,std::char_traits<char>,std::allocator<char>>'
C:\Users\Andre\source\repos\duckspin\duckspin\incl\nml\cocos2dx\tilemap_parallax_nodes\CCTMXXMLParser.h(225,31): warning C4251: 'cocos2d::CCTMXMapInfo::m_sTMXFileName': class 'std::basic_string<char,std::char_traits<char>,std::allocator<char>>' needs to have dll-interface to be used by clients of class 'cocos2d::CCTMXMapInfo'
C:\Program Files (x86)\Microsoft Visual Studio\2019\Community\VC\Tools\MSVC\14.27.29110\include\xstring(4564): message : see declaration of 'std::basic_string<char,std::char_traits<char>,std::allocator<char>>'
C:\Users\Andre\source\repos\duckspin\duckspin\incl\nml\cocos2dx\tilemap_parallax_nodes\CCTMXXMLParser.h(227,29): warning C4251: 'cocos2d::CCTMXMapInfo::m_sResources': class 'std::basic_string<char,std::char_traits<char>,std::allocator<char>>' needs to have dll-interface to be used by clients of class 'cocos2d::CCTMXMapInfo'
C:\Program Files (x86)\Microsoft Visual Studio\2019\Community\VC\Tools\MSVC\14.27.29110\include\xstring(4564): message : see declaration of 'std::basic_string<char,std::char_traits<char>,std::allocator<char>>'
C:\Users\Andre\source\repos\duckspin\duckspin\incl\nml\cocos2dx\tilemap_parallax_nodes\CCTMXXMLParser.h(229,33): warning C4251: 'cocos2d::CCTMXMapInfo::m_sCurrentString': class 'std::basic_string<char,std::char_traits<char>,std::allocator<char>>' needs to have dll-interface to be used by clients of class 'cocos2d::CCTMXMapInfo'
C:\Program Files (x86)\Microsoft Visual Studio\2019\Community\VC\Tools\MSVC\14.27.29110\include\xstring(4564): message : see declaration of 'std::basic_string<char,std::char_traits<char>,std::allocator<char>>'
C:\Users\Andre\source\repos\duckspin\duckspin\incl\nml\cocos2dx\tilemap_parallax_nodes\CCTMXLayer.h(204,29): warning C4251: 'cocos2d::CCTMXLayer::m_sLayerName': class 'std::basic_string<char,std::char_traits<char>,std::allocator<char>>' needs to have dll-interface to be used by clients of class 'cocos2d::CCTMXLayer'
C:\Program Files (x86)\Microsoft Visual Studio\2019\Community\VC\Tools\MSVC\14.27.29110\include\xstring(4564): message : see declaration of 'std::basic_string<char,std::char_traits<char>,std::allocator<char>>'
C:\Users\Andre\source\repos\duckspin\duckspin\incl\nml\cocos2dx\support\component\CCComponent.h(68,26): warning C4251: 'cocos2d::CCComponent::m_strName': class 'std::basic_string<char,std::char_traits<char>,std::allocator<char>>' needs to have dll-interface to be used by clients of class 'cocos2d::CCComponent'
C:\Program Files (x86)\Microsoft Visual Studio\2019\Community\VC\Tools\MSVC\14.27.29110\include\xstring(4564): message : see declaration of 'std::basic_string<char,std::char_traits<char>,std::allocator<char>>'
C:\Users\Andre\source\repos\duckspin\duckspin\dllmain.cpp(41,84): warning C4305: 'argument': truncation from 'double' to 'float'
  duckspin.vcxproj -> C:\Users\Andre\source\repos\duckspin\Debug\duckspin.dll
